This is pdfTeX, Version 3.1415926-2.5-1.40.14 (MiKTeX 2.9 64-bit) (preloaded format=pdflatex 2015.6.10)  24 JUN 2015 11:23
entering extended mode
**main.tex

("C:\Users\Victor Ruela\Desktop\UFMG\2015-1\Integracao de Dados\TP teorico\Trab
alho\TP_TID_Teorico\main.tex"
LaTeX2e <2011/06/27>
Babel <v3.8m> and hyphenation patterns for english, afrikaans, ancientgreek, ar
abic, armenian, assamese, basque, bengali, bokmal, bulgarian, catalan, coptic, 
croatian, czech, danish, dutch, esperanto, estonian, farsi, finnish, french, ga
lician, german, german-x-2013-05-26, greek, gujarati, hindi, hungarian, iceland
ic, indonesian, interlingua, irish, italian, kannada, kurmanji, latin, latvian,
 lithuanian, malayalam, marathi, mongolian, mongolianlmc, monogreek, ngerman, n
german-x-2013-05-26, nynorsk, oriya, panjabi, pinyin, polish, portuguese, roman
ian, russian, sanskrit, serbian, slovak, slovenian, spanish, swedish, swissgerm
an, tamil, telugu, turkish, turkmen, ukenglish, ukrainian, uppersorbian, usengl
ishmax, welsh, loaded.

("C:\Users\Victor Ruela\AppData\Roaming\MiKTeX\2.9\tex\latex\koma-script\scrart
cl.cls"
Document Class: scrartcl 2015/05/06 v3.17a KOMA-Script document class (article)


("C:\Users\Victor Ruela\AppData\Roaming\MiKTeX\2.9\tex\latex\koma-script\scrkba
se.sty"
Package: scrkbase 2015/05/06 v3.17a KOMA-Script package (KOMA-Script-dependent 
basics and keyval usage)

("C:\Users\Victor Ruela\AppData\Roaming\MiKTeX\2.9\tex\latex\koma-script\scrbas
e.sty"
Package: scrbase 2015/05/06 v3.17a KOMA-Script package (KOMA-Script-independent
 basics and keyval usage)
 ("C:\Program Files\MiKTeX 2.9\tex\latex\graphics\keyval.sty"
Package: keyval 1999/03/16 v1.13 key=value parser (DPC)
\KV@toks@=\toks14
)
("C:\Users\Victor Ruela\AppData\Roaming\MiKTeX\2.9\tex\latex\koma-script\scrlfi
le.sty"
Package: scrlfile 2015/05/06 v3.17a KOMA-Script package (loading files)

Package scrlfile, 2015/05/06 v3.17a KOMA-Script package (loading files)
                  Copyright (C) Markus Kohm

)))
("C:\Users\Victor Ruela\AppData\Roaming\MiKTeX\2.9\tex\latex\koma-script\tocbas
ic.sty"
Package: tocbasic 2015/05/06 v3.17a KOMA-Script package (handling toc-files)
)
Package tocbasic Info: omitting babel extension for `toc'
(tocbasic)             because of feature `nobabel' available
(tocbasic)             for `toc' on input line 122.
Package tocbasic Info: omitting babel extension for `lof'
(tocbasic)             because of feature `nobabel' available
(tocbasic)             for `lof' on input line 123.
Package tocbasic Info: omitting babel extension for `lot'
(tocbasic)             because of feature `nobabel' available
(tocbasic)             for `lot' on input line 124.
Package scrartcl Info: You've used standard option `12pt'.
(scrartcl)             This is correct!
(scrartcl)             Internally I'm using `fontsize=12pt'.
(scrartcl)             If you'd like to set the option with \KOMAoptions,
(scrartcl)             you'd have to use `fontsize=12pt' there
(scrartcl)             instead of `12pt', too.
Class scrartcl Info: File `scrsize12pt.clo' used to setup font sizes on input l
ine 1942.

("C:\Users\Victor Ruela\AppData\Roaming\MiKTeX\2.9\tex\latex\koma-script\scrsiz
e12pt.clo"
File: scrsize12pt.clo 2015/05/06 v3.17a KOMA-Script font size class option (12p
t)
)
("C:\Users\Victor Ruela\AppData\Roaming\MiKTeX\2.9\tex\latex\koma-script\typear
ea.sty"
Package: typearea 2015/05/06 v3.17a KOMA-Script package (type area)

Package typearea, 2015/05/06 v3.17a KOMA-Script package (type area)
                  Copyright (C) Frank Neukam, 1992-1994
                  Copyright (C) Markus Kohm, 1994-

\ta@bcor=\skip41
\ta@div=\count79
Package typearea Info: You've used standard option `a4paper'.
(typearea)             This is correct!
(typearea)             Internally I'm using `paper=a4'.
(typearea)             If you'd like to set the option with \KOMAoptions,
(typearea)             you'd have to use `paper=a4' there
(typearea)             instead of `a4paper', too.
\ta@hblk=\skip42
\ta@vblk=\skip43
\ta@temp=\skip44
\footheight=\skip45
Package typearea Info: These are the values describing the layout:
(typearea)             DIV  = 12
(typearea)             BCOR = 0.0pt
(typearea)             \paperwidth      = 597.50793pt
(typearea)              \textwidth      = 448.13095pt
(typearea)              DIV departure   = -6%
(typearea)              \evensidemargin = 2.4185pt
(typearea)              \oddsidemargin  = 2.4185pt
(typearea)             \paperheight     = 845.04694pt
(typearea)              \textheight     = 635.5pt
(typearea)              \topmargin      = -41.72441pt
(typearea)              \headheight     = 18.125pt
(typearea)              \headsep        = 21.75pt
(typearea)              \topskip        = 12.0pt
(typearea)              \footskip       = 50.75pt
(typearea)              \baselineskip   = 14.5pt
(typearea)              on input line 1485.
)
\c@part=\count80
\c@section=\count81
\c@subsection=\count82
\c@subsubsection=\count83
\c@paragraph=\count84
\c@subparagraph=\count85
\abovecaptionskip=\skip46
\belowcaptionskip=\skip47
\c@pti@nb@sid@b@x=\box26
\c@figure=\count86
\c@table=\count87
\bibindent=\dimen102
) ("C:\Program Files\MiKTeX 2.9\tex\latex\psnfss\palatino.sty"
Package: palatino 2005/04/12 PSNFSS-v9.2a (SPQR) 
)
("C:\Program Files\MiKTeX 2.9\tex\latex\graphics\graphicx.sty"
Package: graphicx 1999/02/16 v1.0f Enhanced LaTeX Graphics (DPC,SPQR)

("C:\Program Files\MiKTeX 2.9\tex\latex\graphics\graphics.sty"
Package: graphics 2009/02/05 v1.0o Standard LaTeX Graphics (DPC,SPQR)

("C:\Program Files\MiKTeX 2.9\tex\latex\graphics\trig.sty"
Package: trig 1999/03/16 v1.09 sin cos tan (DPC)
)
("C:\Program Files\MiKTeX 2.9\tex\latex\00miktex\graphics.cfg"
File: graphics.cfg 2007/01/18 v1.5 graphics configuration of teTeX/TeXLive
)
Package graphics Info: Driver file: pdftex.def on input line 91.

("C:\Program Files\MiKTeX 2.9\tex\latex\pdftex-def\pdftex.def"
File: pdftex.def 2011/05/27 v0.06d Graphics/color for pdfTeX

("C:\Program Files\MiKTeX 2.9\tex\generic\oberdiek\infwarerr.sty"
Package: infwarerr 2010/04/08 v1.3 Providing info/warning/error messages (HO)
)
("C:\Program Files\MiKTeX 2.9\tex\generic\oberdiek\ltxcmds.sty"
Package: ltxcmds 2011/11/09 v1.22 LaTeX kernel commands for general use (HO)
)
\Gread@gobject=\count88
))
\Gin@req@height=\dimen103
\Gin@req@width=\dimen104
)
("C:\Program Files\MiKTeX 2.9\tex\latex\float\float.sty"
Package: float 2001/11/08 v1.3d Float enhancements (AL)
\c@float@type=\count89
\float@exts=\toks15
\float@box=\box27
\@float@everytoks=\toks16
\@floatcapt=\box28
)
("C:\Program Files\MiKTeX 2.9\tex\latex\amsmath\amsmath.sty"
Package: amsmath 2013/01/14 v2.14 AMS math features
\@mathmargin=\skip48

For additional information on amsmath, use the `?' option.
("C:\Program Files\MiKTeX 2.9\tex\latex\amsmath\amstext.sty"
Package: amstext 2000/06/29 v2.01

("C:\Program Files\MiKTeX 2.9\tex\latex\amsmath\amsgen.sty"
File: amsgen.sty 1999/11/30 v2.0
\@emptytoks=\toks17
\ex@=\dimen105
))
("C:\Program Files\MiKTeX 2.9\tex\latex\amsmath\amsbsy.sty"
Package: amsbsy 1999/11/29 v1.2d
\pmbraise@=\dimen106
)
("C:\Program Files\MiKTeX 2.9\tex\latex\amsmath\amsopn.sty"
Package: amsopn 1999/12/14 v2.01 operator names
)
\inf@bad=\count90
LaTeX Info: Redefining \frac on input line 210.
\uproot@=\count91
\leftroot@=\count92
LaTeX Info: Redefining \overline on input line 306.
\classnum@=\count93
\DOTSCASE@=\count94
LaTeX Info: Redefining \ldots on input line 378.
LaTeX Info: Redefining \dots on input line 381.
LaTeX Info: Redefining \cdots on input line 466.
\Mathstrutbox@=\box29
\strutbox@=\box30
\big@size=\dimen107
LaTeX Font Info:    Redeclaring font encoding OML on input line 566.
LaTeX Font Info:    Redeclaring font encoding OMS on input line 567.
\macc@depth=\count95
\c@MaxMatrixCols=\count96
\dotsspace@=\muskip10
\c@parentequation=\count97
\dspbrk@lvl=\count98
\tag@help=\toks18
\row@=\count99
\column@=\count100
\maxfields@=\count101
\andhelp@=\toks19
\eqnshift@=\dimen108
\alignsep@=\dimen109
\tagshift@=\dimen110
\tagwidth@=\dimen111
\totwidth@=\dimen112
\lineht@=\dimen113
\@envbody=\toks20
\multlinegap=\skip49
\multlinetaggap=\skip50
\mathdisplay@stack=\toks21
LaTeX Info: Redefining \[ on input line 2665.
LaTeX Info: Redefining \] on input line 2666.
)
("C:\Users\Victor Ruela\AppData\Roaming\MiKTeX\2.9\tex\latex\caption\caption.st
y"
Package: caption 2013/05/02 v3.3-89 Customizing captions (AR)

("C:\Users\Victor Ruela\AppData\Roaming\MiKTeX\2.9\tex\latex\caption\caption3.s
ty"
Package: caption3 2013/05/02 v1.6-88 caption3 kernel (AR)
Package caption3 Info: TeX engine: e-TeX on input line 57.
\captionmargin=\dimen114
\captionmargin@=\dimen115
\captionwidth=\dimen116
\caption@tempdima=\dimen117
\caption@indent=\dimen118
\caption@parindent=\dimen119
\caption@hangindent=\dimen120
)
Package caption Info: KOMA-Script document class.
\c@ContinuedFloat=\count102
Package caption Info: float package is loaded.
)
("C:\Users\Victor Ruela\AppData\Roaming\MiKTeX\2.9\tex\latex\caption\subcaption
.sty"
Package: subcaption 2013/02/03 v1.1-62 Sub-captions (AR)
\c@subfigure=\count103
\c@subtable=\count104
) ("C:\Program Files\MiKTeX 2.9\tex\latex\geometry\geometry.sty"
Package: geometry 2010/09/12 v5.6 Page Geometry

("C:\Program Files\MiKTeX 2.9\tex\generic\oberdiek\ifpdf.sty"
Package: ifpdf 2011/01/30 v2.3 Provides the ifpdf switch (HO)
Package ifpdf Info: pdfTeX in PDF mode is detected.
)
("C:\Program Files\MiKTeX 2.9\tex\generic\oberdiek\ifvtex.sty"
Package: ifvtex 2010/03/01 v1.5 Detect VTeX and its facilities (HO)
Package ifvtex Info: VTeX not detected.
)
("C:\Program Files\MiKTeX 2.9\tex\generic\ifxetex\ifxetex.sty"
Package: ifxetex 2010/09/12 v0.6 Provides ifxetex conditional
)
\Gm@cnth=\count105
\Gm@cntv=\count106
\c@Gm@tempcnt=\count107
\Gm@bindingoffset=\dimen121
\Gm@wd@mp=\dimen122
\Gm@odd@mp=\dimen123
\Gm@even@mp=\dimen124
\Gm@layoutwidth=\dimen125
\Gm@layoutheight=\dimen126
\Gm@layouthoffset=\dimen127
\Gm@layoutvoffset=\dimen128
\Gm@dimlist=\toks22

("C:\Program Files\MiKTeX 2.9\tex\latex\geometry\geometry.cfg"))
("C:\Program Files\MiKTeX 2.9\tex\latex\base\inputenc.sty"
Package: inputenc 2008/03/30 v1.1d Input encoding file
\inpenc@prehook=\toks23
\inpenc@posthook=\toks24

("C:\Program Files\MiKTeX 2.9\tex\latex\base\utf8.def"
File: utf8.def 2008/04/05 v1.1m UTF-8 support for inputenc
Now handling font encoding OML ...
... no UTF-8 mapping file for font encoding OML
Now handling font encoding T1 ...
... processing UTF-8 mapping file for font encoding T1

("C:\Program Files\MiKTeX 2.9\tex\latex\base\t1enc.dfu"
File: t1enc.dfu 2008/04/05 v1.1m UTF-8 support for inputenc
   defining Unicode char U+00A1 (decimal 161)
   defining Unicode char U+00A3 (decimal 163)
   defining Unicode char U+00AB (decimal 171)
   defining Unicode char U+00BB (decimal 187)
   defining Unicode char U+00BF (decimal 191)
   defining Unicode char U+00C0 (decimal 192)
   defining Unicode char U+00C1 (decimal 193)
   defining Unicode char U+00C2 (decimal 194)
   defining Unicode char U+00C3 (decimal 195)
   defining Unicode char U+00C4 (decimal 196)
   defining Unicode char U+00C5 (decimal 197)
   defining Unicode char U+00C6 (decimal 198)
   defining Unicode char U+00C7 (decimal 199)
   defining Unicode char U+00C8 (decimal 200)
   defining Unicode char U+00C9 (decimal 201)
   defining Unicode char U+00CA (decimal 202)
   defining Unicode char U+00CB (decimal 203)
   defining Unicode char U+00CC (decimal 204)
   defining Unicode char U+00CD (decimal 205)
   defining Unicode char U+00CE (decimal 206)
   defining Unicode char U+00CF (decimal 207)
   defining Unicode char U+00D0 (decimal 208)
   defining Unicode char U+00D1 (decimal 209)
   defining Unicode char U+00D2 (decimal 210)
   defining Unicode char U+00D3 (decimal 211)
   defining Unicode char U+00D4 (decimal 212)
   defining Unicode char U+00D5 (decimal 213)
   defining Unicode char U+00D6 (decimal 214)
   defining Unicode char U+00D8 (decimal 216)
   defining Unicode char U+00D9 (decimal 217)
   defining Unicode char U+00DA (decimal 218)
   defining Unicode char U+00DB (decimal 219)
   defining Unicode char U+00DC (decimal 220)
   defining Unicode char U+00DD (decimal 221)
   defining Unicode char U+00DE (decimal 222)
   defining Unicode char U+00DF (decimal 223)
   defining Unicode char U+00E0 (decimal 224)
   defining Unicode char U+00E1 (decimal 225)
   defining Unicode char U+00E2 (decimal 226)
   defining Unicode char U+00E3 (decimal 227)
   defining Unicode char U+00E4 (decimal 228)
   defining Unicode char U+00E5 (decimal 229)
   defining Unicode char U+00E6 (decimal 230)
   defining Unicode char U+00E7 (decimal 231)
   defining Unicode char U+00E8 (decimal 232)
   defining Unicode char U+00E9 (decimal 233)
   defining Unicode char U+00EA (decimal 234)
   defining Unicode char U+00EB (decimal 235)
   defining Unicode char U+00EC (decimal 236)
   defining Unicode char U+00ED (decimal 237)
   defining Unicode char U+00EE (decimal 238)
   defining Unicode char U+00EF (decimal 239)
   defining Unicode char U+00F0 (decimal 240)
   defining Unicode char U+00F1 (decimal 241)
   defining Unicode char U+00F2 (decimal 242)
   defining Unicode char U+00F3 (decimal 243)
   defining Unicode char U+00F4 (decimal 244)
   defining Unicode char U+00F5 (decimal 245)
   defining Unicode char U+00F6 (decimal 246)
   defining Unicode char U+00F8 (decimal 248)
   defining Unicode char U+00F9 (decimal 249)
   defining Unicode char U+00FA (decimal 250)
   defining Unicode char U+00FB (decimal 251)
   defining Unicode char U+00FC (decimal 252)
   defining Unicode char U+00FD (decimal 253)
   defining Unicode char U+00FE (decimal 254)
   defining Unicode char U+00FF (decimal 255)
   defining Unicode char U+0102 (decimal 258)
   defining Unicode char U+0103 (decimal 259)
   defining Unicode char U+0104 (decimal 260)
   defining Unicode char U+0105 (decimal 261)
   defining Unicode char U+0106 (decimal 262)
   defining Unicode char U+0107 (decimal 263)
   defining Unicode char U+010C (decimal 268)
   defining Unicode char U+010D (decimal 269)
   defining Unicode char U+010E (decimal 270)
   defining Unicode char U+010F (decimal 271)
   defining Unicode char U+0110 (decimal 272)
   defining Unicode char U+0111 (decimal 273)
   defining Unicode char U+0118 (decimal 280)
   defining Unicode char U+0119 (decimal 281)
   defining Unicode char U+011A (decimal 282)
   defining Unicode char U+011B (decimal 283)
   defining Unicode char U+011E (decimal 286)
   defining Unicode char U+011F (decimal 287)
   defining Unicode char U+0130 (decimal 304)
   defining Unicode char U+0131 (decimal 305)
   defining Unicode char U+0132 (decimal 306)
   defining Unicode char U+0133 (decimal 307)
   defining Unicode char U+0139 (decimal 313)
   defining Unicode char U+013A (decimal 314)
   defining Unicode char U+013D (decimal 317)
   defining Unicode char U+013E (decimal 318)
   defining Unicode char U+0141 (decimal 321)
   defining Unicode char U+0142 (decimal 322)
   defining Unicode char U+0143 (decimal 323)
   defining Unicode char U+0144 (decimal 324)
   defining Unicode char U+0147 (decimal 327)
   defining Unicode char U+0148 (decimal 328)
   defining Unicode char U+014A (decimal 330)
   defining Unicode char U+014B (decimal 331)
   defining Unicode char U+0150 (decimal 336)
   defining Unicode char U+0151 (decimal 337)
   defining Unicode char U+0152 (decimal 338)
   defining Unicode char U+0153 (decimal 339)
   defining Unicode char U+0154 (decimal 340)
   defining Unicode char U+0155 (decimal 341)
   defining Unicode char U+0158 (decimal 344)
   defining Unicode char U+0159 (decimal 345)
   defining Unicode char U+015A (decimal 346)
   defining Unicode char U+015B (decimal 347)
   defining Unicode char U+015E (decimal 350)
   defining Unicode char U+015F (decimal 351)
   defining Unicode char U+0160 (decimal 352)
   defining Unicode char U+0161 (decimal 353)
   defining Unicode char U+0162 (decimal 354)
   defining Unicode char U+0163 (decimal 355)
   defining Unicode char U+0164 (decimal 356)
   defining Unicode char U+0165 (decimal 357)
   defining Unicode char U+016E (decimal 366)
   defining Unicode char U+016F (decimal 367)
   defining Unicode char U+0170 (decimal 368)
   defining Unicode char U+0171 (decimal 369)
   defining Unicode char U+0178 (decimal 376)
   defining Unicode char U+0179 (decimal 377)
   defining Unicode char U+017A (decimal 378)
   defining Unicode char U+017B (decimal 379)
   defining Unicode char U+017C (decimal 380)
   defining Unicode char U+017D (decimal 381)
   defining Unicode char U+017E (decimal 382)
   defining Unicode char U+200C (decimal 8204)
   defining Unicode char U+2013 (decimal 8211)
   defining Unicode char U+2014 (decimal 8212)
   defining Unicode char U+2018 (decimal 8216)
   defining Unicode char U+2019 (decimal 8217)
   defining Unicode char U+201A (decimal 8218)
   defining Unicode char U+201C (decimal 8220)
   defining Unicode char U+201D (decimal 8221)
   defining Unicode char U+201E (decimal 8222)
   defining Unicode char U+2030 (decimal 8240)
   defining Unicode char U+2031 (decimal 8241)
   defining Unicode char U+2039 (decimal 8249)
   defining Unicode char U+203A (decimal 8250)
   defining Unicode char U+2423 (decimal 9251)
)
Now handling font encoding OT1 ...
... processing UTF-8 mapping file for font encoding OT1

("C:\Program Files\MiKTeX 2.9\tex\latex\base\ot1enc.dfu"
File: ot1enc.dfu 2008/04/05 v1.1m UTF-8 support for inputenc
   defining Unicode char U+00A1 (decimal 161)
   defining Unicode char U+00A3 (decimal 163)
   defining Unicode char U+00B8 (decimal 184)
   defining Unicode char U+00BF (decimal 191)
   defining Unicode char U+00C5 (decimal 197)
   defining Unicode char U+00C6 (decimal 198)
   defining Unicode char U+00D8 (decimal 216)
   defining Unicode char U+00DF (decimal 223)
   defining Unicode char U+00E6 (decimal 230)
   defining Unicode char U+00EC (decimal 236)
   defining Unicode char U+00ED (decimal 237)
   defining Unicode char U+00EE (decimal 238)
   defining Unicode char U+00EF (decimal 239)
   defining Unicode char U+00F8 (decimal 248)
   defining Unicode char U+0131 (decimal 305)
   defining Unicode char U+0141 (decimal 321)
   defining Unicode char U+0142 (decimal 322)
   defining Unicode char U+0152 (decimal 338)
   defining Unicode char U+0153 (decimal 339)
   defining Unicode char U+2013 (decimal 8211)
   defining Unicode char U+2014 (decimal 8212)
   defining Unicode char U+2018 (decimal 8216)
   defining Unicode char U+2019 (decimal 8217)
   defining Unicode char U+201C (decimal 8220)
   defining Unicode char U+201D (decimal 8221)
)
Now handling font encoding OMS ...
... processing UTF-8 mapping file for font encoding OMS

("C:\Program Files\MiKTeX 2.9\tex\latex\base\omsenc.dfu"
File: omsenc.dfu 2008/04/05 v1.1m UTF-8 support for inputenc
   defining Unicode char U+00A7 (decimal 167)
   defining Unicode char U+00B6 (decimal 182)
   defining Unicode char U+00B7 (decimal 183)
   defining Unicode char U+2020 (decimal 8224)
   defining Unicode char U+2021 (decimal 8225)
   defining Unicode char U+2022 (decimal 8226)
)
Now handling font encoding OMX ...
... no UTF-8 mapping file for font encoding OMX
Now handling font encoding U ...
... no UTF-8 mapping file for font encoding U
   defining Unicode char U+00A9 (decimal 169)
   defining Unicode char U+00AA (decimal 170)
   defining Unicode char U+00AE (decimal 174)
   defining Unicode char U+00BA (decimal 186)
   defining Unicode char U+02C6 (decimal 710)
   defining Unicode char U+02DC (decimal 732)
   defining Unicode char U+200C (decimal 8204)
   defining Unicode char U+2026 (decimal 8230)
   defining Unicode char U+2122 (decimal 8482)
   defining Unicode char U+2423 (decimal 9251)
))
("C:\Program Files\MiKTeX 2.9\tex\latex\hyperref\hyperref.sty"
Package: hyperref 2012/11/06 v6.83m Hypertext links for LaTeX

("C:\Program Files\MiKTeX 2.9\tex\generic\oberdiek\hobsub-hyperref.sty"
Package: hobsub-hyperref 2012/04/25 v1.12 Bundle oberdiek, subset hyperref (HO)


("C:\Program Files\MiKTeX 2.9\tex\generic\oberdiek\hobsub-generic.sty"
Package: hobsub-generic 2012/04/25 v1.12 Bundle oberdiek, subset generic (HO)
Package: hobsub 2012/04/25 v1.12 Construct package bundles (HO)
Package hobsub Info: Skipping package `infwarerr' (already loaded).
Package hobsub Info: Skipping package `ltxcmds' (already loaded).
Package: ifluatex 2010/03/01 v1.3 Provides the ifluatex switch (HO)
Package ifluatex Info: LuaTeX not detected.
Package hobsub Info: Skipping package `ifvtex' (already loaded).
Package: intcalc 2007/09/27 v1.1 Expandable calculations with integers (HO)
Package hobsub Info: Skipping package `ifpdf' (already loaded).
Package: etexcmds 2011/02/16 v1.5 Avoid name clashes with e-TeX commands (HO)
Package etexcmds Info: Could not find \expanded.
(etexcmds)             That can mean that you are not using pdfTeX 1.50 or
(etexcmds)             that some package has redefined \expanded.
(etexcmds)             In the latter case, load this package earlier.
Package: kvsetkeys 2012/04/25 v1.16 Key value parser (HO)
Package: kvdefinekeys 2011/04/07 v1.3 Define keys (HO)
Package: pdftexcmds 2011/11/29 v0.20 Utility functions of pdfTeX for LuaTeX (HO
)
Package pdftexcmds Info: LuaTeX not detected.
Package pdftexcmds Info: \pdf@primitive is available.
Package pdftexcmds Info: \pdf@ifprimitive is available.
Package pdftexcmds Info: \pdfdraftmode found.
Package: pdfescape 2011/11/25 v1.13 Implements pdfTeX's escape features (HO)
Package: bigintcalc 2012/04/08 v1.3 Expandable calculations on big integers (HO
)
Package: bitset 2011/01/30 v1.1 Handle bit-vector datatype (HO)
Package: uniquecounter 2011/01/30 v1.2 Provide unlimited unique counter (HO)
)
Package hobsub Info: Skipping package `hobsub' (already loaded).
Package: letltxmacro 2010/09/02 v1.4 Let assignment for LaTeX macros (HO)
Package: hopatch 2011/06/24 v1.1 Wrapper for package hooks (HO)
Package: xcolor-patch 2011/01/30 xcolor patch
Package: atveryend 2011/06/30 v1.8 Hooks at the very end of document (HO)
Package atveryend Info: \enddocument detected (standard20110627).
Package: atbegshi 2011/10/05 v1.16 At begin shipout hook (HO)
Package: refcount 2011/10/16 v3.4 Data extraction from label references (HO)
Package: hycolor 2011/01/30 v1.7 Color options for hyperref/bookmark (HO)
)
("C:\Program Files\MiKTeX 2.9\tex\latex\oberdiek\auxhook.sty"
Package: auxhook 2011/03/04 v1.3 Hooks for auxiliary files (HO)
)
("C:\Program Files\MiKTeX 2.9\tex\latex\oberdiek\kvoptions.sty"
Package: kvoptions 2011/06/30 v3.11 Key value format for package options (HO)
)
\@linkdim=\dimen129
\Hy@linkcounter=\count108
\Hy@pagecounter=\count109

("C:\Program Files\MiKTeX 2.9\tex\latex\hyperref\pd1enc.def"
File: pd1enc.def 2012/11/06 v6.83m Hyperref: PDFDocEncoding definition (HO)
Now handling font encoding PD1 ...
... no UTF-8 mapping file for font encoding PD1
)
\Hy@SavedSpaceFactor=\count110

("C:\Program Files\MiKTeX 2.9\tex\latex\00miktex\hyperref.cfg"
File: hyperref.cfg 2002/06/06 v1.2 hyperref configuration of TeXLive
)
Package hyperref Info: Hyper figures OFF on input line 4443.
Package hyperref Info: Link nesting OFF on input line 4448.
Package hyperref Info: Hyper index ON on input line 4451.
Package hyperref Info: Plain pages OFF on input line 4458.
Package hyperref Info: Backreferencing OFF on input line 4463.
Package hyperref Info: Implicit mode ON; LaTeX internals redefined.
Package hyperref Info: Bookmarks ON on input line 4688.
\c@Hy@tempcnt=\count111

("C:\Users\Victor Ruela\AppData\Roaming\MiKTeX\2.9\tex\latex\url\url.sty"
\Urlmuskip=\muskip11
Package: url 2013/09/16  ver 3.4  Verb mode for urls, etc.
)
LaTeX Info: Redefining \url on input line 5041.
\XeTeXLinkMargin=\dimen130
\Fld@menulength=\count112
\Field@Width=\dimen131
\Fld@charsize=\dimen132
Package hyperref Info: Hyper figures OFF on input line 6295.
Package hyperref Info: Link nesting OFF on input line 6300.
Package hyperref Info: Hyper index ON on input line 6303.
Package hyperref Info: backreferencing OFF on input line 6310.
Package hyperref Info: Link coloring OFF on input line 6315.
Package hyperref Info: Link coloring with OCG OFF on input line 6320.
Package hyperref Info: PDF/A mode OFF on input line 6325.
LaTeX Info: Redefining \ref on input line 6365.
LaTeX Info: Redefining \pageref on input line 6369.
\Hy@abspage=\count113
\c@Item=\count114
\c@Hfootnote=\count115
)

Package hyperref Message: Driver (autodetected): hpdftex.

("C:\Program Files\MiKTeX 2.9\tex\latex\hyperref\hpdftex.def"
File: hpdftex.def 2012/11/06 v6.83m Hyperref driver for pdfTeX
\Fld@listcount=\count116
\c@bookmark@seq@number=\count117

("C:\Program Files\MiKTeX 2.9\tex\latex\oberdiek\rerunfilecheck.sty"
Package: rerunfilecheck 2011/04/15 v1.7 Rerun checks for auxiliary files (HO)
Package uniquecounter Info: New unique counter `rerunfilecheck' on input line 2
82.
)
\Hy@SectionHShift=\skip51
)
("C:\Users\Victor Ruela\AppData\Roaming\MiKTeX\2.9\tex\latex\listings\listings.
sty"
\lst@mode=\count118
\lst@gtempboxa=\box31
\lst@token=\toks25
\lst@length=\count119
\lst@currlwidth=\dimen133
\lst@column=\count120
\lst@pos=\count121
\lst@lostspace=\dimen134
\lst@width=\dimen135
\lst@newlines=\count122
\lst@lineno=\count123
\lst@maxwidth=\dimen136

("C:\Users\Victor Ruela\AppData\Roaming\MiKTeX\2.9\tex\latex\listings\lstmisc.s
ty"
File: lstmisc.sty 2015/06/04 1.6 (Carsten Heinz)
\c@lstnumber=\count124
\lst@skipnumbers=\count125
\lst@framebox=\box32
)
("C:\Users\Victor Ruela\AppData\Roaming\MiKTeX\2.9\tex\latex\listings\listings.
cfg"
File: listings.cfg 2015/06/04 1.6 listings configuration
))
Package: listings 2015/06/04 1.6 (Carsten Heinz)

("C:\Users\Victor Ruela\AppData\Roaming\MiKTeX\2.9\tex\latex\xcolor\xcolor.sty"
Package: xcolor 2007/01/21 v2.11 LaTeX color extensions (UK)
("C:\Program Files\MiKTeX 2.9\tex\latex\00miktex\color.cfg"
File: color.cfg 2007/01/18 v1.5 color configuration of teTeX/TeXLive
)
Package xcolor Info: Driver file: pdftex.def on input line 225.
Package xcolor Info: Model `cmy' substituted by `cmy0' on input line 1337.
Package xcolor Info: Model `hsb' substituted by `rgb' on input line 1341.
Package xcolor Info: Model `RGB' extended on input line 1353.
Package xcolor Info: Model `HTML' substituted by `rgb' on input line 1355.
Package xcolor Info: Model `Hsb' substituted by `hsb' on input line 1356.
Package xcolor Info: Model `tHsb' substituted by `hsb' on input line 1357.
Package xcolor Info: Model `HSB' substituted by `hsb' on input line 1358.
Package xcolor Info: Model `Gray' substituted by `gray' on input line 1359.
Package xcolor Info: Model `wave' substituted by `hsb' on input line 1360.
)
("C:\Program Files\MiKTeX 2.9\tex\generic\babel\babel.sty"
Package: babel 2008/07/08 v3.8m The Babel package

*************************************
* Local config file bblopts.cfg used
*
("C:\Program Files\MiKTeX 2.9\tex\latex\00miktex\bblopts.cfg"
File: bblopts.cfg 2006/07/31 v1.0 MiKTeX 'babel' configuration
)
("C:\Program Files\MiKTeX 2.9\tex\generic\babel\portuges.ldf"
Language: portuges 2008/03/18 v1.2q Portuguese support from the babel system

("C:\Program Files\MiKTeX 2.9\tex\generic\babel\babel.def"
File: babel.def 2008/07/08 v3.8m Babel common definitions
\babel@savecnt=\count126
\U@D=\dimen137
)
Package babel Info: Making " an active character on input line 145.
))
("C:\Users\Victor Ruela\Desktop\UFMG\2015-1\Integracao de Dados\TP teorico\Trab
alho\TP_TID_Teorico\main.aux")
LaTeX Font Info:    Checking defaults for OML/cmm/m/it on input line 23.
LaTeX Font Info:    ... okay on input line 23.
LaTeX Font Info:    Checking defaults for T1/cmr/m/n on input line 23.
LaTeX Font Info:    ... okay on input line 23.
LaTeX Font Info:    Checking defaults for OT1/cmr/m/n on input line 23.
LaTeX Font Info:    ... okay on input line 23.
LaTeX Font Info:    Checking defaults for OMS/cmsy/m/n on input line 23.
LaTeX Font Info:    ... okay on input line 23.
LaTeX Font Info:    Checking defaults for OMX/cmex/m/n on input line 23.
LaTeX Font Info:    ... okay on input line 23.
LaTeX Font Info:    Checking defaults for U/cmr/m/n on input line 23.
LaTeX Font Info:    ... okay on input line 23.
LaTeX Font Info:    Checking defaults for PD1/pdf/m/n on input line 23.
LaTeX Font Info:    ... okay on input line 23.
LaTeX Font Info:    Try loading font information for OT1+phv on input line 23.

("C:\Program Files\MiKTeX 2.9\tex\latex\psnfss\ot1phv.fd"
File: ot1phv.fd 2001/06/04 scalable font definitions for OT1/phv.
)
("C:\Users\Victor Ruela\AppData\Roaming\MiKTeX\2.9\tex\context\base\supp-pdf.mk
ii"
[Loading MPS to PDF converter (version 2006.09.02).]
\scratchcounter=\count127
\scratchdimen=\dimen138
\scratchbox=\box33
\nofMPsegments=\count128
\nofMParguments=\count129
\everyMPshowfont=\toks26
\MPscratchCnt=\count130
\MPscratchDim=\dimen139
\MPnumerator=\count131
\makeMPintoPDFobject=\count132
\everyMPtoPDFconversion=\toks27
)
Package caption Info: Begin \AtBeginDocument code.
Package caption Info: hyperref package is loaded.
Package caption Info: listings package is loaded.
Package caption Info: End \AtBeginDocument code.

*geometry* driver: auto-detecting
*geometry* detected driver: pdftex
*geometry* verbose mode - [ preamble ] result:
* driver: pdftex
* paper: a4paper
* layout: <same size as paper>
* layoutoffset:(h,v)=(0.0pt,0.0pt)
* modes: includefoot 
* h-part:(L,W,R)=(42.67912pt, 512.14963pt, 42.67912pt)
* v-part:(T,H,B)=(42.67912pt, 759.6886pt, 42.67912pt)
* \paperwidth=597.50787pt
* \paperheight=845.04684pt
* \textwidth=512.14963pt
* \textheight=708.9386pt
* \oddsidemargin=-29.59087pt
* \evensidemargin=-29.59087pt
* \topmargin=-69.46587pt
* \headheight=18.125pt
* \headsep=21.75pt
* \topskip=12.0pt
* \footskip=50.75pt
* \marginparwidth=49.79233pt
* \marginparsep=12.8401pt
* \columnsep=10.0pt
* \skip\footins=10.8pt plus 4.0pt minus 2.0pt
* \hoffset=0.0pt
* \voffset=0.0pt
* \mag=1000
* \@twocolumnfalse
* \@twosidefalse
* \@mparswitchfalse
* \@reversemarginfalse
* (1in=72.27pt=25.4mm, 1cm=28.453pt)

\AtBeginShipoutBox=\box34
Package hyperref Info: Link coloring OFF on input line 23.
("C:\Program Files\MiKTeX 2.9\tex\latex\hyperref\nameref.sty"
Package: nameref 2012/10/27 v2.43 Cross-referencing by name of section

("C:\Program Files\MiKTeX 2.9\tex\generic\oberdiek\gettitlestring.sty"
Package: gettitlestring 2010/12/03 v1.4 Cleanup title references (HO)
)
\c@section@level=\count133
)
LaTeX Info: Redefining \ref on input line 23.
LaTeX Info: Redefining \pageref on input line 23.
LaTeX Info: Redefining \nameref on input line 23.

("C:\Users\Victor Ruela\Desktop\UFMG\2015-1\Integracao de Dados\TP teorico\Trab
alho\TP_TID_Teorico\main.out")
("C:\Users\Victor Ruela\Desktop\UFMG\2015-1\Integracao de Dados\TP teorico\Trab
alho\TP_TID_Teorico\main.out")
\@outlinefile=\write3
\c@lstlisting=\count134
LaTeX Font Info:    Font shape `OT1/phv/bx/n' in size <12> not available
(Font)              Font shape `OT1/phv/b/n' tried instead on input line 31.
LaTeX Font Info:    Font shape `OT1/phv/bx/n' in size <24.88> not available
(Font)              Font shape `OT1/phv/b/n' tried instead on input line 31.
LaTeX Font Info:    Font shape `OT1/phv/bx/n' in size <14.4> not available
(Font)              Font shape `OT1/phv/b/n' tried instead on input line 31.
LaTeX Font Info:    Font shape `OT1/phv/bx/n' in size <17.28> not available
(Font)              Font shape `OT1/phv/b/n' tried instead on input line 31.
 [1

{C:/Users/Victor Ruela/AppData/Local/MiKTeX/2.9/pdftex/config/pdftex.map}]
("C:\Users\Victor Ruela\Desktop\UFMG\2015-1\Integracao de Dados\TP teorico\Trab
alho\TP_TID_Teorico\main.toc")
\tf@toc=\write4
 [2]
("C:\Users\Victor Ruela\Desktop\UFMG\2015-1\Integracao de Dados\TP teorico\Trab
alho\TP_TID_Teorico\main.lof")
\tf@lof=\write5

("C:\Users\Victor Ruela\Desktop\UFMG\2015-1\Integracao de Dados\TP teorico\Trab
alho\TP_TID_Teorico\main.lot")
\tf@lot=\write6
 [3]
("C:\Users\Victor Ruela\Desktop\UFMG\2015-1\Integracao de Dados\TP teorico\Trab
alho\TP_TID_Teorico\Resumo.tex")
LaTeX Font Info:    Font shape `OT1/phv/m/it' in size <12> not available
(Font)              Font shape `OT1/phv/m/sl' tried instead on input line 43.
 [4]
("C:\Users\Victor Ruela\Desktop\UFMG\2015-1\Integracao de Dados\TP teorico\Trab
alho\TP_TID_Teorico\Introducao.tex"
Overfull \hbox (2.63535pt too wide) in paragraph at lines 8--9
\OT1/phv/m/n/12 quanto a do ta-ma-nho dos com-po-nen-tes. An-tes, as tags eram 
do ta-ma-nho de um forno-microondas
 []

<rfidsys2.jpg, id=233, 740.7675pt x 246.9225pt>
File: rfidsys2.jpg Graphic file (type jpg)
 <use rfidsys2.jpg>
Package pdftex.def Info: rfidsys2.jpg used on input line 14.
(pdftex.def)             Requested size: 307.2929pt x 102.42947pt.
LaTeX Font Info:    Try loading font information for OMS+phv on input line 21.

("C:\Program Files\MiKTeX 2.9\tex\latex\psnfss\omsphv.fd"
File: omsphv.fd 
)
LaTeX Font Info:    Font shape `OMS/phv/m/n' in size <12> not available
(Font)              Font shape `OMS/cmsy/m/n' tried instead on input line 21.

<rfideras.jpg, id=238, 448.67625pt x 436.63126pt>
File: rfideras.jpg Graphic file (type jpg)
 <use rfideras.jpg>
Package pdftex.def Info: rfideras.jpg used on input line 33.
(pdftex.def)             Requested size: 307.2929pt x 299.05063pt.


LaTeX Warning: `!h' float specifier changed to `!ht'.

[5 <C:/Users/Victor Ruela/Desktop/UFMG/2015-1/Integracao de Dados/TP teorico/Tr
abalho/TP_TID_Teorico/rfidsys2.jpg>] [6 <C:/Users/Victor Ruela/Desktop/UFMG/201
5-1/Integracao de Dados/TP teorico/Trabalho/TP_TID_Teorico/rfideras.jpg>]
<rfidsys3.jpg, id=251, 417.05812pt x 430.60875pt>
File: rfidsys3.jpg Graphic file (type jpg)
 <use rfidsys3.jpg>
Package pdftex.def Info: rfidsys3.jpg used on input line 57.
(pdftex.def)             Requested size: 256.07481pt x 264.40556pt.

<rfidtagas.jpg, id=255, 764.8575pt x 578.16pt>
File: rfidtagas.jpg Graphic file (type jpg)
 <use rfidtagas.jpg>
Package pdftex.def Info: rfidtagas.jpg used on input line 76.
(pdftex.def)             Requested size: 256.07481pt x 193.56349pt.


LaTeX Warning: `!h' float specifier changed to `!ht'.

[7 <C:/Users/Victor Ruela/Desktop/UFMG/2015-1/Integracao de Dados/TP teorico/Tr
abalho/TP_TID_Teorico/rfidsys3.jpg>]
Underfull \hbox (badness 10000) in paragraph at lines 107--108

 []

[8 <C:/Users/Victor Ruela/Desktop/UFMG/2015-1/Integracao de Dados/TP teorico/Tr
abalho/TP_TID_Teorico/rfidtagas.jpg>]
<sawrfid_chip.jpg, id=272, 346.29375pt x 111.41624pt>
File: sawrfid_chip.jpg Graphic file (type jpg)
 <use sawrfid_chip.jpg>
Package pdftex.def Info: sawrfid_chip.jpg used on input line 117.
(pdftex.def)             Requested size: 256.07481pt x 82.39063pt.

<reader.jpg, id=274, 184.69pt x 155.58125pt>
File: reader.jpg Graphic file (type jpg)
 <use reader.jpg>
Package pdftex.def Info: reader.jpg used on input line 133.
(pdftex.def)             Requested size: 128.0374pt x 107.85683pt.
 [9 <C:/Users/Victor Ruela/Desktop/UFMG/2015-1/Integracao de Dados/TP teorico/T
rabalho/TP_TID_Teorico/sawrfid_chip.jpg> <C:/Users/Victor Ruela/Desktop/UFMG/20
15-1/Integracao de Dados/TP teorico/Trabalho/TP_TID_Teorico/reader.jpg>]
<middleware.jpg, id=285, 184.69pt x 175.65625pt>
File: middleware.jpg Graphic file (type jpg)
 <use middleware.jpg>
Package pdftex.def Info: middleware.jpg used on input line 154.
(pdftex.def)             Requested size: 128.0374pt x 121.77383pt.
 [10 <C:/Users/Victor Ruela/Desktop/UFMG/2015-1/Integracao de Dados/TP teorico/
Trabalho/TP_TID_Teorico/middleware.jpg>] <midarc.jpg, id=300, 362.85562pt x 361
.35pt>
File: midarc.jpg Graphic file (type jpg)

<use midarc.jpg>
Package pdftex.def Info: midarc.jpg used on input line 167.
(pdftex.def)             Requested size: 256.07481pt x 255.01645pt.
) [11 <C:/Users/Victor Ruela/Desktop/UFMG/2015-1/Integracao de Dados/TP teorico
/Trabalho/TP_TID_Teorico/midarc.jpg>] [12]
("C:\Users\Victor Ruela\Desktop\UFMG\2015-1\Integracao de Dados\TP teorico\Trab
alho\TP_TID_Teorico\Integracao.tex"
<Ex1SCS.jpg, id=313, 731.73375pt x 575.90157pt>
File: Ex1SCS.jpg Graphic file (type jpg)
 <use Ex1SCS.jpg>
Package pdftex.def Info: Ex1SCS.jpg used on input line 13.
(pdftex.def)             Requested size: 358.50317pt x 282.15909pt.


LaTeX Warning: `!h' float specifier changed to `!ht'.


Overfull \hbox (17.1908pt too wide) in paragraph at lines 22--23
[]\OT1/phv/m/n/12 Como RFID ge-ral-mente []e uti-li-zado para identifica[][]ao,
 ele tamb[]em pode ser uti-li-zado em aplica[][]oes
 []

[13] [14 <C:/Users/Victor Ruela/Desktop/UFMG/2015-1/Integracao de Dados/TP teor
ico/Trabalho/TP_TID_Teorico/Ex1SCS.jpg>]
<etapas_integracao.jpg, id=323, 642.90187pt x 176.91093pt>
File: etapas_integracao.jpg Graphic file (type jpg)

<use etapas_integracao.jpg>
Package pdftex.def Info: etapas_integracao.jpg used on input line 55.
(pdftex.def)             Requested size: 358.50317pt x 98.65372pt.

Overfull \hbox (30.95303pt too wide) in paragraph at lines 61--63
[]\OT1/phv/m/n/12 Cada pro-jeto de neg[]ocio tem seus pr[]oprios re-qui-si-tos 
e obst[]aculos t[]ecnicos que exige personaliza[][]ao
 []


LaTeX Warning: File `componente integracao.jpg' not found on input line 71.

<componente integracao.jpg, id=324, 368.1253pt x 315.42844pt>
File: componente integracao.jpg Graphic file (type jpg)

<use componente integracao.jpg>
Package pdftex.def Info: componente integracao.jpg used on input line 71.
(pdftex.def)             Requested size: 256.07481pt x 219.43149pt.


LaTeX Warning: `!h' float specifier changed to `!ht'.


Overfull \hbox (17.3689pt too wide) in paragraph at lines 80--81
[]\OT1/phv/m/n/12 A de-cis[]ao da posi[][]ao da tag []e cr[]tico para tags pas
-si-vas. Essa es-co-lha deve le-var em considera[][]ao
 []

[15 <C:/Users/Victor Ruela/Desktop/UFMG/2015-1/Integracao de Dados/TP teorico/T
rabalho/TP_TID_Teorico/etapas_integracao.jpg>]
<mosfet_rfid.jpg, id=329, 722.7pt x 285.31593pt>
File: mosfet_rfid.jpg Graphic file (type jpg)
 <use mosfet_rfid.jpg>
Package pdftex.def Info: mosfet_rfid.jpg used on input line 103.
(pdftex.def)             Requested size: 358.50317pt x 141.5344pt.


LaTeX Warning: `!h' float specifier changed to `!ht'.

[16 <C:/Users/Victor Ruela/Desktop/UFMG/2015-1/Integracao de Dados/TP teorico/T
rabalho/TP_TID_Teorico/componente integracao.jpg>]) [17 <C:/Users/Victor Ruela/
Desktop/UFMG/2015-1/Integracao de Dados/TP teorico/Trabalho/TP_TID_Teorico/mosf
et_rfid.jpg>]
("C:\Users\Victor Ruela\Desktop\UFMG\2015-1\Integracao de Dados\TP teorico\Trab
alho\TP_TID_Teorico\EstudosdeCaso.tex"
<leitor_ttl.jpg, id=338, 301.125pt x 534.99875pt>
File: leitor_ttl.jpg Graphic file (type jpg)
 <use leitor_ttl.jpg>
Package pdftex.def Info: leitor_ttl.jpg used on input line 14.
(pdftex.def)             Requested size: 102.42836pt x 181.97879pt.
 [18 <C:/Users/Victor Ruela/Desktop/UFMG/2015-1/Integracao de Dados/TP teorico/
Trabalho/TP_TID_Teorico/leitor_ttl.jpg>]) [19]
("C:\Users\Victor Ruela\Desktop\UFMG\2015-1\Integracao de Dados\TP teorico\Trab
alho\TP_TID_Teorico\EPCGlobal.tex"
<gs1arch.jpg, id=349, 511.9125pt x 418.56375pt>
File: gs1arch.jpg Graphic file (type jpg)
 <use gs1arch.jpg>
Package pdftex.def Info: gs1arch.jpg used on input line 14.
(pdftex.def)             Requested size: 358.50317pt x 293.12674pt.
 [20 <C:/Users/Victor Ruela/Desktop/UFMG/2015-1/Integracao de Dados/TP teorico/
Trabalho/TP_TID_Teorico/gs1arch.jpg>] <epcrfid.jpg, id=355, 528.47438pt x 206.2
7063pt>
File: epcrfid.jpg Graphic file (type jpg)

<use epcrfid.jpg>
Package pdftex.def Info: epcrfid.jpg used on input line 32.
(pdftex.def)             Requested size: 256.07481pt x 99.94984pt.
 <epcis.jpg, id=356, 496.85625pt x 448.67625pt>
File: epcis.jpg Graphic file (type jpg)

<use epcis.jpg>
Package pdftex.def Info: epcis.jpg used on input line 42.
(pdftex.def)             Requested size: 256.07481pt x 231.24542pt.
 [21 <C:/Users/Victor Ruela/Desktop/UFMG/2015-1/Integracao de Dados/TP teorico/
Trabalho/TP_TID_Teorico/epcrfid.jpg> <C:/Users/Victor Ruela/Desktop/UFMG/2015-1
/Integracao de Dados/TP teorico/Trabalho/TP_TID_Teorico/epcis.jpg>] <epcarc.jpg
, id=365, 349.305pt x 388.45125pt>
File: epcarc.jpg Graphic file (type jpg)
 <use epcarc.jpg>
Package pdftex.def Info: epcarc.jpg used on input line 56.
(pdftex.def)             Requested size: 256.07481pt x 284.78806pt.
 [22 <C:/Users/Victor Ruela/Desktop/UFMG/2015-1/Integracao de Dados/TP teorico/
Trabalho/TP_TID_Teorico/epcarc.jpg>] <pallet.png, id=373, 358.33875pt x 255.956
25pt>
File: pallet.png Graphic file (type png)

<use pallet.png>
Package pdftex.def Info: pallet.png used on input line 78.
(pdftex.def)             Requested size: 102.42836pt x 73.16309pt.
 <sites.jpg, id=376, 794.97pt x 274.02374pt>
File: sites.jpg Graphic file (type jpg)
 <use sites.jpg>
Package pdftex.def Info: sites.jpg used on input line 87.
(pdftex.def)             Requested size: 307.2929pt x 105.92386pt.


LaTeX Warning: `!h' float specifier changed to `!ht'.

[23 <C:/Users/Victor Ruela/Desktop/UFMG/2015-1/Integracao de Dados/TP teorico/T
rabalho/TP_TID_Teorico/pallet.png>]
<ausarq.jpg, id=388, 835.62187pt x 400.49625pt>
File: ausarq.jpg Graphic file (type jpg)
 <use ausarq.jpg>
Package pdftex.def Info: ausarq.jpg used on input line 112.
(pdftex.def)             Requested size: 358.50317pt x 171.82503pt.

Overfull \hbox (14.50267pt too wide) in paragraph at lines 120--121
[]\OT1/phv/m/n/12 Qualidade: me-dida atrav[]es de pes-quisa com os mem-bros do 
cons[]orcio, co-le-tando informa[][]oes
 []

[24 <C:/Users/Victor Ruela/Desktop/UFMG/2015-1/Integracao de Dados/TP teorico/T
rabalho/TP_TID_Teorico/sites.jpg> <C:/Users/Victor Ruela/Desktop/UFMG/2015-1/In
tegracao de Dados/TP teorico/Trabalho/TP_TID_Teorico/ausarq.jpg>]) [25]
("C:\Users\Victor Ruela\Desktop\UFMG\2015-1\Integracao de Dados\TP teorico\Trab
alho\TP_TID_Teorico\Conclusao.tex") [26]
("C:\Users\Victor Ruela\Desktop\UFMG\2015-1\Integracao de Dados\TP teorico\Trab
alho\TP_TID_Teorico\main.bbl"
LaTeX Font Info:    Try loading font information for OT1+pcr on input line 4.

("C:\Program Files\MiKTeX 2.9\tex\latex\psnfss\ot1pcr.fd"
File: ot1pcr.fd 2001/06/04 font definitions for OT1/pcr.
)
Underfull \hbox (badness 10000) in paragraph at lines 13--14
[][]$\OT1/pcr/m/n/12 http : / / www . coresonant . com / images / rfid-[]tags-[
]for-[]solar-[]module-[]india .$
 []


Underfull \hbox (badness 10000) in paragraph at lines 16--17
[][]$\OT1/pcr/m/n/12 http : / / www . gs1au . org / assets / documents / info /
 case _ studies / case _ epc _$
 []


Underfull \hbox (badness 10000) in paragraph at lines 19--20
[][]$\OT1/pcr/m/n/12 http : / / www . gs1au . org / assets / documents / info /
 case _ studies / case _ epc _$
 []


Underfull \hbox (badness 10000) in paragraph at lines 22--23
[][]$\OT1/pcr/m/n/12 http : / / www . gs1 . org / sites / default / files / doc
s / architecture / GS1 _$
 []

)
Package atveryend Info: Empty hook `BeforeClearDocument' on input line 73.
 [27]
Package atveryend Info: Empty hook `AfterLastShipout' on input line 73.

("C:\Users\Victor Ruela\Desktop\UFMG\2015-1\Integracao de Dados\TP teorico\Trab
alho\TP_TID_Teorico\main.aux")
Package atveryend Info: Executing hook `AtVeryEndDocument' on input line 73.
Package atveryend Info: Executing hook `AtEndAfterFileList' on input line 73.
Package rerunfilecheck Info: File `main.out' has not changed.
(rerunfilecheck)             Checksum: 1169E48E94B41864EE725DEBA7CA8CF2;2425.
Package atveryend Info: Empty hook `AtVeryVeryEnd' on input line 73.
 ) 
Here is how much of TeX's memory you used:
 11430 strings out of 493921
 175680 string characters out of 3147261
 329284 words of memory out of 3000000
 14418 multiletter control sequences out of 15000+200000
 22401 words of font info for 48 fonts, out of 3000000 for 9000
 841 hyphenation exceptions out of 8191
 43i,14n,50p,1309b,418s stack positions out of 5000i,500n,10000p,200000b,50000s
{C:/Program Files/MiKTeX 2.9/fonts/enc/dvips/fontname/8r.enc}<C:/Program File
s/MiKTeX 2.9/fonts/type1/public/amsfonts/cm/cmmi12.pfb><C:/Program Files/MiKTeX
 2.9/fonts/type1/public/amsfonts/cm/cmsy10.pfb><C:/Program Files/MiKTeX 2.9/fon
ts/type1/urw/courier/ucrr8a.pfb><C:/Program Files/MiKTeX 2.9/fonts/type1/urw/he
lvetic/uhvb8a.pfb><C:/Program Files/MiKTeX 2.9/fonts/type1/urw/helvetic/uhvr8a.
pfb><C:/Program Files/MiKTeX 2.9/fonts/type1/urw/helvetic/uhvro8a.pfb>
Output written on main.pdf (27 pages, 1530817 bytes).
PDF statistics:
 487 PDF objects out of 1000 (max. 8388607)
 124 named destinations out of 1000 (max. 500000)
 349 words of extra memory for PDF output out of 10000 (max. 10000000)

