\BOOKMARK [1][-]{section.1}{Introdu\347\343o}{}% 1
\BOOKMARK [2][-]{subsection.1.1}{Evolu\347\343o na ado\347\343o do RFID}{section.1}% 2
\BOOKMARK [2][-]{subsection.1.2}{Sistemas RFID}{section.1}% 3
\BOOKMARK [3][-]{subsubsection.1.2.1}{Tags}{subsection.1.2}% 4
\BOOKMARK [3][-]{subsubsection.1.2.2}{Leitores}{subsection.1.2}% 5
\BOOKMARK [3][-]{subsubsection.1.2.3}{Middleware RFID}{subsection.1.2}% 6
\BOOKMARK [2][-]{subsection.1.3}{Aplica\347\365es}{section.1}% 7
\BOOKMARK [1][-]{section.2}{Integra\347\343o de Dados e RFID}{}% 8
\BOOKMARK [2][-]{subsection.2.1}{Introdu\347\343o}{section.2}% 9
\BOOKMARK [2][-]{subsection.2.2}{Integra\347\343o}{section.2}% 10
\BOOKMARK [2][-]{subsection.2.3}{Vantagens da integra\347\343o}{section.2}% 11
\BOOKMARK [3][-]{subsubsection.2.3.1}{Processo de Integra\347\343o RFID}{subsection.2.3}% 12
\BOOKMARK [3][-]{subsubsection.2.3.2}{Componentes para Integra\347\343o com Sistemas RFID}{subsection.2.3}% 13
\BOOKMARK [3][-]{subsubsection.2.3.3}{Posi\347\343o e Mobilidade da Tag}{subsection.2.3}% 14
\BOOKMARK [3][-]{subsubsection.2.3.4}{M\363dulos de Comunica\347\343o}{subsection.2.3}% 15
\BOOKMARK [3][-]{subsubsection.2.3.5}{Aplicativos de Software para Integra\347\343o de Sistemas}{subsection.2.3}% 16
\BOOKMARK [3][-]{subsubsection.2.3.6}{Servidor para Grava\347\343o de Dados}{subsection.2.3}% 17
\BOOKMARK [3][-]{subsubsection.2.3.7}{Integra\347\343o de RFID com simples Circuito}{subsection.2.3}% 18
\BOOKMARK [3][-]{subsubsection.2.3.8}{Porta Serial RS-232}{subsection.2.3}% 19
\BOOKMARK [3][-]{subsubsection.2.3.9}{USB e Acesso \340 internet}{subsection.2.3}% 20
\BOOKMARK [2][-]{subsection.2.4}{Considera\347\365es Finais}{section.2}% 21
\BOOKMARK [1][-]{section.3}{Estudos de Caso}{}% 22
\BOOKMARK [2][-]{subsection.3.1}{Autentica\347\343o de bebidas}{section.3}% 23
\BOOKMARK [2][-]{subsection.3.2}{title}{section.3}% 24
\BOOKMARK [2][-]{subsection.3.3}{title}{section.3}% 25
\BOOKMARK [1][-]{section.4}{A Norma EPCGlobal}{}% 26
\BOOKMARK [2][-]{subsection.4.1}{A organiza\347\343o GS1}{section.4}% 27
\BOOKMARK [2][-]{subsection.4.2}{O padr\343o EPCGlobal}{section.4}% 28
\BOOKMARK [3][-]{subsubsection.4.2.1}{Arquitetura}{subsection.4.2}% 29
\BOOKMARK [3][-]{subsubsection.4.2.2}{Exemplo de aplica\347\343o pr\341tica}{subsection.4.2}% 30
\BOOKMARK [2][-]{subsection.4.3}{Considera\347\365es Finais}{section.4}% 31
\BOOKMARK [1][-]{section.5}{Conclus\343o}{}% 32
